\BOOKMARK [0][-]{chapter.1}{\376\377\000P\000H\000\302\000N\000\040\000T\000\315\000C\000H\000\040\000H\036\306\000\040\000T\000H\036\320\000N\000G\000\040\000\050\000P\000H\001\257\001\240\000N\000G\000\040\000P\000H\000\301\000P\000\040\000C\000\323\000\040\000C\036\244\000U\000\040\000T\000R\000\332\000C\000\051}{}% 1
\BOOKMARK [1][-]{section.1.1}{\376\377\000B\000i\036\303\000u\000\040\001\021\036\323\000\040\000P\000h\000\342\000n\000\040\000c\036\245\000p\000\040\000C\000h\036\351\000c\000\040\000n\001\003\000n\000g\000\040\000\050\000F\000D\000D\000\051}{chapter.1}% 2
\BOOKMARK [2][-]{subsection.1.1.1}{\376\377\000P\000h\000\342\000n\000\040\000t\000\355\000c\000h\000\040\000c\000h\000i\000\040\000t\000i\036\277\000t\000\040\000c\000\341\000c\000\040\000m\000o\000d\000u\000l\000e}{section.1.1}% 3
\BOOKMARK [1][-]{section.1.2}{\376\377\000B\000i\036\303\000u\000\040\001\021\036\323\000\040\000L\000u\036\323\000n\000g\000\040\000D\036\357\000\040\000l\000i\036\307\000u\000\040\000\050\000D\000F\000D\000\051}{chapter.1}% 4
\BOOKMARK [2][-]{subsection.1.2.1}{\376\377\000D\000F\000D\000\040\000C\000o\000n\000t\000e\000x\000t\000\040\000-\000\040\000S\001\241\000\040\001\021\036\323\000\040\000L\000u\036\323\000n\000g\000\040\000D\036\357\000\040\000l\000i\036\307\000u\000\040\000N\000g\036\357\000\040\000c\036\243\000n\000h}{section.1.2}% 5
\BOOKMARK [2][-]{subsection.1.2.2}{\376\377\000D\000F\000D\000\040\000L\000e\000v\000e\000l\000\040\0000\000\040\000-\000\040\000C\000\341\000c\000\040\000t\000i\036\277\000n\000\040\000t\000r\000\354\000n\000h\000\040\000c\000h\000\355\000n\000h}{section.1.2}% 6
\BOOKMARK [2][-]{subsection.1.2.3}{\376\377\000D\000F\000D\000\040\000L\000e\000v\000e\000l\000\040\0001\000\040\000-\000\040\000P\000h\000\342\000n\000\040\000r\000\343\000\040\000P\0004\000\040\000\050\000X\036\355\000\040\000l\000\375\000\040\000B\000\341\000o\000\040\000t\000h\036\351\000c\000\040\000R\000e\000o\000\051}{section.1.2}% 7
\BOOKMARK [2][-]{subsection.1.2.4}{\376\377\000D\000F\000D\000\040\000L\000e\000v\000e\000l\000\040\0001\000\040\000-\000\040\000P\000h\000\342\000n\000\040\000r\000\343\000\040\000P\0005\000\040\000\050\000T\000h\036\361\000c\000\040\000t\000h\000i\000\040\000Q\000u\000i\000z\000\051}{section.1.2}% 8
\BOOKMARK [1][-]{section.1.3}{\376\377\001\020\036\267\000c\000\040\000t\036\243\000\040\000C\000h\036\351\000c\000\040\000n\001\003\000n\000g}{chapter.1}% 9
\BOOKMARK [2][-]{subsection.1.3.1}{\376\377\000M\000i\000n\000i\000-\000s\000p\000e\000c\000\040\000P\0005\000.\0001\000:\000\040\000C\000h\036\315\000n\000\040\000c\000\342\000u\000\040\000h\036\317\000i\000\040\000t\000h\000e\000o\000\040\000S\000R\000S}{section.1.3}% 10
\BOOKMARK [2][-]{subsection.1.3.2}{\376\377\000M\000i\000n\000i\000-\000s\000p\000e\000c\000\040\000P\0005\000.\0004\000:\000\040\000C\036\255\000p\000\040\000n\000h\036\255\000t\000\040\000t\000i\036\277\000n\000\040\001\021\036\331\000\040\000S\000R\000S}{section.1.3}% 11
\BOOKMARK [2][-]{subsection.1.3.3}{\376\377\000M\000i\000n\000i\000-\000s\000p\000e\000c\000\040\000P\0004\000.\0005\000:\000\040\000K\000i\036\303\000m\000\040\000t\000r\000a\000\040\001\021\000i\036\301\000u\000\040\000k\000i\036\307\000n\000\040\000t\036\257\000t}{section.1.3}% 12
\BOOKMARK [1][-]{section.1.4}{\376\377\000P\000h\000\342\000n\000\040\000t\000\355\000c\000h\000\040\000H\036\307\000\040\000t\000h\036\321\000n\000g\000\040\000v\036\301\000\040\000m\036\267\000t\000\040\000D\036\357\000\040\000l\000i\036\307\000u}{chapter.1}% 13
\BOOKMARK [2][-]{subsection.1.4.1}{\376\377\000M\000\364\000\040\000h\000\354\000n\000h\000\040\000E\000R\000\040\000h\036\241\000n\000\040\000c\000h\036\277}{section.1.4}% 14
\BOOKMARK [2][-]{subsection.1.4.2}{\376\377\000Q\000u\000a\000n\000\040\000h\036\307\000\040\000g\000i\036\357\000a\000\040\000c\000\341\000c\000\040\000t\000h\036\361\000c\000\040\000t\000h\036\303}{section.1.4}% 15
\BOOKMARK [0][-]{chapter.2}{\376\377\000T\000H\000I\036\276\000T\000\040\000K\036\276}{}% 16
\BOOKMARK [1][-]{section.2.1}{\376\377\000T\000h\000i\036\277\000t\000\040\000k\036\277\000\040\000T\036\325\000n\000g\000\040\000t\000h\036\303}{chapter.2}% 17
\BOOKMARK [1][-]{section.2.2}{\376\377\000G\000i\000a\000o\000\040\000d\000i\036\307\000n}{chapter.2}% 18
\BOOKMARK [2][-]{subsection.2.2.1}{\376\377\000S\001\241\000\040\001\021\036\323\000\040\001\020\000i\036\301\000u\000\040\000h\001\260\036\333\000n\000g}{section.2.2}% 19
\BOOKMARK [2][-]{subsection.2.2.2}{\376\377\000W\000i\000r\000e\000f\000r\000a\000m\000e\000\040\000c\000\341\000c\000\040\000M\000\340\000n\000\040\000h\000\354\000n\000h\000\040\000C\000h\000\355\000n\000h}{section.2.2}% 20
\BOOKMARK [2][-]{subsection.2.2.3}{\376\377\000B\000i\036\303\000u\000\040\001\021\036\323\000\040\000T\000r\036\241\000n\000g\000\040\000t\000h\000\341\000i\000\040\000G\000i\000a\000o\000\040\000d\000i\036\307\000n}{section.2.2}% 21
\BOOKMARK [2][-]{subsection.2.2.4}{\376\377\000M\000\364\000\040\000t\036\243\000\040\000C\000h\000i\000\040\000t\000i\036\277\000t}{section.2.2}% 22
\BOOKMARK [1][-]{section.2.3}{\376\377\000D\000a\000t\000a\000b\000a\000s\000e}{chapter.2}% 23
