\BOOKMARK [0][-]{chapter.1}{\376\377\000P\000h\000\342\000n\000\040\000t\000\355\000c\000h}{}% 1
\BOOKMARK [1][-]{section.1.1}{\376\377\000B\000i\036\303\000u\000\040\001\021\036\323\000\040\000p\000h\000\342\000n\000\040\000c\036\245\000p\000\040\000c\000h\036\351\000c\000\040\000n\001\003\000n\000g}{chapter.1}% 2
\BOOKMARK [2][-]{subsection.1.1.1}{\376\377\000M\000\364\000\040\000t\036\243\000\040\001\021\036\267\000c\000\040\001\021\000i\036\303\000m}{section.1.1}% 3
\BOOKMARK [2][-]{subsection.1.1.2}{\376\377\000C\000h\000i\000a\000\040\000m\000o\000d\000u\000l\000e}{section.1.1}% 4
\BOOKMARK [1][-]{section.1.2}{\376\377\000B\000i\036\303\000u\000\040\001\021\036\323\000\040\000U\000s\000e\000\040\000C\000a\000s\000e}{chapter.1}% 5
\BOOKMARK [2][-]{subsection.1.2.1}{\376\377\000T\036\325\000n\000g\000\040\000q\000u\000a\000n}{section.1.2}% 6
\BOOKMARK [2][-]{subsection.1.2.2}{\376\377\000C\000\341\000c\000\040\000A\000c\000t\000o\000r}{section.1.2}% 7
\BOOKMARK [2][-]{subsection.1.2.3}{\376\377\000S\001\241\000\040\001\021\036\323\000\040\000U\000s\000e\000\040\000C\000a\000s\000e\000\040\000t\036\325\000n\000g\000\040\000q\000u\000\341\000t}{section.1.2}% 8
\BOOKMARK [2][-]{subsection.1.2.4}{\376\377\000C\000h\000i\000a\000\040\000t\000h\000e\000o\000\040\000m\000o\000d\000u\000l\000e}{section.1.2}% 9
\BOOKMARK [1][-]{section.1.3}{\376\377\001\020\036\267\000c\000\040\000t\036\243\000\040\000U\000s\000e\000\040\000C\000a\000s\000e}{chapter.1}% 10
\BOOKMARK [2][-]{subsection.1.3.1}{\376\377\000U\000C\0000\0001\000:\000\040\000T\036\241\000o\000\040\000b\000\341\000o\000\040\000t\000h\036\351\000c\000\040\000m\036\333\000i}{section.1.3}% 11
\BOOKMARK [2][-]{subsection.1.3.2}{\376\377\000U\000C\0001\0004\000:\000\040\000T\000r\036\243\000\040\000l\036\335\000i\000\040\000c\000\342\000u\000\040\000h\036\317\000i\000\040\000Q\000u\000i\000z}{section.1.3}% 12
\BOOKMARK [2][-]{subsection.1.3.3}{\376\377\000U\000C\0000\0004\000:\000\040\000B\036\255\000t\000/\000T\036\257\000t\000\040\000b\000\341\000o\000\040\000t\000h\036\351\000c}{section.1.3}% 13
\BOOKMARK [2][-]{subsection.1.3.4}{\376\377\000U\000C\0001\0008\000:\000\040\000Q\000u\000\351\000t\000\040\000v\000\340\000\040\000l\001\260\000u\000\040\000m\000\343\000\040\000Q\000R}{section.1.3}% 14
\BOOKMARK [2][-]{subsection.1.3.5}{\376\377\000U\000C\0002\0001\000:\000\040\000X\000e\000m\000\040\000t\000h\036\321\000n\000g\000\040\000k\000\352\000\040\000t\000u\036\247\000n}{section.1.3}% 15
\BOOKMARK [0][-]{chapter.2}{\376\377\000T\000h\000i\036\277\000t\000\040\000k\036\277}{}% 16
\BOOKMARK [1][-]{section.2.1}{\376\377\000T\000h\000i\036\277\000t\000\040\000k\036\277\000\040\000U\000s\000e\000\040\000C\000a\000s\000e}{chapter.2}% 17
\BOOKMARK [2][-]{subsection.2.1.1}{\376\377\000S\000e\000q\000u\000e\000n\000c\000e\000\040\000D\000i\000a\000g\000r\000a\000m\000\040\000-\000\040\000U\000C\0000\0001\000:\000\040\000T\036\241\000o\000\040\000b\000\341\000o\000\040\000t\000h\036\351\000c\000\040\000m\036\333\000i}{section.2.1}% 18
\BOOKMARK [2][-]{subsection.2.1.2}{\376\377\000S\000e\000q\000u\000e\000n\000c\000e\000\040\000D\000i\000a\000g\000r\000a\000m\000\040\000-\000\040\000U\000C\0001\0003\000+\000U\000C\0001\0004\000:\000\040\000B\000\341\000o\000\040\000t\000h\036\351\000c\000\040\000r\000e\000o\000\040\000v\000\340\000\040\000Q\000u\000i\000z}{section.2.1}% 19
\BOOKMARK [2][-]{subsection.2.1.3}{\376\377\000S\000e\000q\000u\000e\000n\000c\000e\000\040\000D\000i\000a\000g\000r\000a\000m\000\040\000-\000\040\000U\000C\0000\0004\000:\000\040\000B\036\255\000t\000/\000T\036\257\000t\000\040\000b\000\341\000o\000\040\000t\000h\036\351\000c}{section.2.1}% 20
\BOOKMARK [2][-]{subsection.2.1.4}{\376\377\000T\036\325\000n\000g\000\040\000q\000u\000a\000n\000\040\000c\000\341\000c\000\040\000S\000e\000q\000u\000e\000n\000c\000e\000\040\000D\000i\000a\000g\000r\000a\000m\000\040\000k\000h\000\341\000c}{section.2.1}% 21
\BOOKMARK [1][-]{section.2.2}{\376\377\000T\000h\000i\036\277\000t\000\040\000k\036\277\000\040\000c\001\241\000\040\000s\036\337\000\040\000d\036\357\000\040\000l\000i\036\307\000u}{chapter.2}% 22
\BOOKMARK [2][-]{subsection.2.2.1}{\376\377\000M\000\364\000\040\000h\000\354\000n\000h\000\040\000q\000u\000a\000n\000\040\000h\036\307}{section.2.2}% 23
\BOOKMARK [2][-]{subsection.2.2.2}{\376\377\000M\000a\000p\000p\000i\000n\000g\000\040\000C\000l\000a\000s\000s\000\040\041\224\000\040\000B\036\243\000n\000g}{section.2.2}% 24
\BOOKMARK [0][-]{chapter*.2}{\376\377\000G\000i\036\243\000\040\001\021\036\313\000n\000h\000/\000T\000B\000D}{}% 25
