This is XeTeX, Version 3.141592653-2.6-0.999997 (TeX Live 2025) (preloaded format=xelatex 2025.12.29)  7 JAN 2026 01:28
entering extended mode
 restricted \write18 enabled.
 %&-line parsing enabled.
**ooad_report.tex
(./ooad_report.tex
LaTeX2e <2024-11-01> patch level 2
L3 programming layer <2025-01-18>
(/usr/local/texlive/2025basic/texmf-dist/tex/latex/base/report.cls
Document Class: report 2024/06/29 v1.4n Standard LaTeX document class
(/usr/local/texlive/2025basic/texmf-dist/tex/latex/base/size12.clo
File: size12.clo 2024/06/29 v1.4n Standard LaTeX file (size option)
)
\c@part=\count192
\c@chapter=\count193
\c@section=\count194
\c@subsection=\count195
\c@subsubsection=\count196
\c@paragraph=\count197
\c@subparagraph=\count198
\c@figure=\count199
\c@table=\count266
\abovecaptionskip=\skip49
\belowcaptionskip=\skip50
\bibindent=\dimen141
)
(/usr/local/texlive/2025basic/texmf-dist/tex/latex/base/inputenc.sty
Package: inputenc 2024/02/08 v1.3d Input encoding file
\inpenc@prehook=\toks17
\inpenc@posthook=\toks18


Package inputenc Warning: inputenc package ignored with utf8 based engines.

) (/usr/local/texlive/2025basic/texmf-dist/tex/generic/babel/babel.sty
Package: babel 2025/02/14 v25.4 The multilingual framework for pdfLaTeX, LuaLaT
eX and XeLaTeX
\babel@savecnt=\count267
\U@D=\dimen142
\l@unhyphenated=\language23

(/usr/local/texlive/2025basic/texmf-dist/tex/generic/babel/xebabel.def)
\bbl@readstream=\read2
\bbl@dirlevel=\count268

(/usr/local/texlive/2025basic/texmf-dist/tex/generic/babel-vietnamese/vietnames
e.ldf
Language: vietnamese 


Package babel Warning: No hyphenation patterns were preloaded for
(babel)                the language 'Vietnamese' into the format.
(babel)                Please, configure your TeX system to add them and
(babel)                rebuild the format. Now I will use the patterns
(babel)                preloaded for \language=0 instead on input line 36.

Package babel Info: Hyphen rules for 'vietnamese' set to \l@english
(babel)             (\language0). Reported on input line 37.
Package babel Info: Hyphen rules for 'vietnam' set to \l@english
(babel)             (\language0). Reported on input line 38.
Package babel Info: Making " an active character on input line 147.
))
(/usr/local/texlive/2025basic/texmf-dist/tex/generic/babel/locale/vi/babel-viet
namese.tex
Package babel Info: Importing font and identification data for vietnamese
(babel)             from babel-vi.ini. Reported on input line 11.
)
(/usr/local/texlive/2025basic/texmf-dist/tex/latex/geometry/geometry.sty
Package: geometry 2020/01/02 v5.9 Page Geometry

(/usr/local/texlive/2025basic/texmf-dist/tex/latex/graphics/keyval.sty
Package: keyval 2022/05/29 v1.15 key=value parser (DPC)
\KV@toks@=\toks19
)
(/usr/local/texlive/2025basic/texmf-dist/tex/generic/iftex/ifvtex.sty
Package: ifvtex 2019/10/25 v1.7 ifvtex legacy package. Use iftex instead.

(/usr/local/texlive/2025basic/texmf-dist/tex/generic/iftex/iftex.sty
Package: iftex 2024/12/12 v1.0g TeX engine tests
))
\Gm@cnth=\count269
\Gm@cntv=\count270
\c@Gm@tempcnt=\count271
\Gm@bindingoffset=\dimen143
\Gm@wd@mp=\dimen144
\Gm@odd@mp=\dimen145
\Gm@even@mp=\dimen146
\Gm@layoutwidth=\dimen147
\Gm@layoutheight=\dimen148
\Gm@layouthoffset=\dimen149
\Gm@layoutvoffset=\dimen150
\Gm@dimlist=\toks20
)
(/usr/local/texlive/2025basic/texmf-dist/tex/latex/graphics/graphicx.sty
Package: graphicx 2021/09/16 v1.2d Enhanced LaTeX Graphics (DPC,SPQR)

(/usr/local/texlive/2025basic/texmf-dist/tex/latex/graphics/graphics.sty
Package: graphics 2024/08/06 v1.4g Standard LaTeX Graphics (DPC,SPQR)

(/usr/local/texlive/2025basic/texmf-dist/tex/latex/graphics/trig.sty
Package: trig 2023/12/02 v1.11 sin cos tan (DPC)
)
(/usr/local/texlive/2025basic/texmf-dist/tex/latex/graphics-cfg/graphics.cfg
File: graphics.cfg 2016/06/04 v1.11 sample graphics configuration
)
Package graphics Info: Driver file: xetex.def on input line 106.

(/usr/local/texlive/2025basic/texmf-dist/tex/latex/graphics-def/xetex.def
File: xetex.def 2022/09/22 v5.0n Graphics/color driver for xetex
))
\Gin@req@height=\dimen151
\Gin@req@width=\dimen152
)
(/usr/local/texlive/2025basic/texmf-dist/tex/latex/float/float.sty
Package: float 2001/11/08 v1.3d Float enhancements (AL)
\c@float@type=\count272
\float@exts=\toks21
\float@box=\box52
\@float@everytoks=\toks22
\@floatcapt=\box53
)
(/usr/local/texlive/2025basic/texmf-dist/tex/latex/hyperref/hyperref.sty
Package: hyperref 2024-11-05 v7.01l Hypertext links for LaTeX

(/usr/local/texlive/2025basic/texmf-dist/tex/latex/kvsetkeys/kvsetkeys.sty
Package: kvsetkeys 2022-10-05 v1.19 Key value parser (HO)
)
(/usr/local/texlive/2025basic/texmf-dist/tex/generic/kvdefinekeys/kvdefinekeys.
sty
Package: kvdefinekeys 2019-12-19 v1.6 Define keys (HO)
)
(/usr/local/texlive/2025basic/texmf-dist/tex/generic/pdfescape/pdfescape.sty
Package: pdfescape 2019/12/09 v1.15 Implements pdfTeX's escape features (HO)

(/usr/local/texlive/2025basic/texmf-dist/tex/generic/ltxcmds/ltxcmds.sty
Package: ltxcmds 2023-12-04 v1.26 LaTeX kernel commands for general use (HO)
)
(/usr/local/texlive/2025basic/texmf-dist/tex/generic/pdftexcmds/pdftexcmds.sty
Package: pdftexcmds 2020-06-27 v0.33 Utility functions of pdfTeX for LuaTeX (HO
)

(/usr/local/texlive/2025basic/texmf-dist/tex/generic/infwarerr/infwarerr.sty
Package: infwarerr 2019/12/03 v1.5 Providing info/warning/error messages (HO)
)
Package pdftexcmds Info: \pdf@primitive is available.
Package pdftexcmds Info: \pdf@ifprimitive is available.
Package pdftexcmds Info: \pdfdraftmode not found.
)) (/usr/local/texlive/2025basic/texmf-dist/tex/latex/hycolor/hycolor.sty
Package: hycolor 2020-01-27 v1.10 Color options for hyperref/bookmark (HO)
)
(/usr/local/texlive/2025basic/texmf-dist/tex/latex/hyperref/nameref.sty
Package: nameref 2023-11-26 v2.56 Cross-referencing by name of section

(/usr/local/texlive/2025basic/texmf-dist/tex/latex/refcount/refcount.sty
Package: refcount 2019/12/15 v3.6 Data extraction from label references (HO)
)
(/usr/local/texlive/2025basic/texmf-dist/tex/generic/gettitlestring/gettitlestr
ing.sty
Package: gettitlestring 2019/12/15 v1.6 Cleanup title references (HO)

(/usr/local/texlive/2025basic/texmf-dist/tex/latex/kvoptions/kvoptions.sty
Package: kvoptions 2022-06-15 v3.15 Key value format for package options (HO)
))
\c@section@level=\count273
)
(/usr/local/texlive/2025basic/texmf-dist/tex/latex/etoolbox/etoolbox.sty
Package: etoolbox 2025/02/11 v2.5l e-TeX tools for LaTeX (JAW)
\etb@tempcnta=\count274
)
(/usr/local/texlive/2025basic/texmf-dist/tex/generic/stringenc/stringenc.sty
Package: stringenc 2019/11/29 v1.12 Convert strings between diff. encodings (HO
)
)
\@linkdim=\dimen153
\Hy@linkcounter=\count275
\Hy@pagecounter=\count276

(/usr/local/texlive/2025basic/texmf-dist/tex/latex/hyperref/pd1enc.def
File: pd1enc.def 2024-11-05 v7.01l Hyperref: PDFDocEncoding definition (HO)
)
(/usr/local/texlive/2025basic/texmf-dist/tex/generic/intcalc/intcalc.sty
Package: intcalc 2019/12/15 v1.3 Expandable calculations with integers (HO)
)
\Hy@SavedSpaceFactor=\count277

(/usr/local/texlive/2025basic/texmf-dist/tex/latex/hyperref/puenc.def
File: puenc.def 2024-11-05 v7.01l Hyperref: PDF Unicode definition (HO)
)
Package hyperref Info: Option `colorlinks' set `true' on input line 4040.
Package hyperref Info: Hyper figures OFF on input line 4157.
Package hyperref Info: Link nesting OFF on input line 4162.
Package hyperref Info: Hyper index ON on input line 4165.
Package hyperref Info: Plain pages OFF on input line 4172.
Package hyperref Info: Backreferencing OFF on input line 4177.
Package hyperref Info: Implicit mode ON; LaTeX internals redefined.
Package hyperref Info: Bookmarks ON on input line 4424.
\c@Hy@tempcnt=\count278

(/usr/local/texlive/2025basic/texmf-dist/tex/latex/url/url.sty
\Urlmuskip=\muskip17
Package: url 2013/09/16  ver 3.4  Verb mode for urls, etc.
)
LaTeX Info: Redefining \url on input line 4763.
\XeTeXLinkMargin=\dimen154

(/usr/local/texlive/2025basic/texmf-dist/tex/generic/bitset/bitset.sty
Package: bitset 2019/12/09 v1.3 Handle bit-vector datatype (HO)

(/usr/local/texlive/2025basic/texmf-dist/tex/generic/bigintcalc/bigintcalc.sty
Package: bigintcalc 2019/12/15 v1.5 Expandable calculations on big integers (HO
)
))
\Fld@menulength=\count279
\Field@Width=\dimen155
\Fld@charsize=\dimen156
Package hyperref Info: Hyper figures OFF on input line 6042.
Package hyperref Info: Link nesting OFF on input line 6047.
Package hyperref Info: Hyper index ON on input line 6050.
Package hyperref Info: backreferencing OFF on input line 6057.
Package hyperref Info: Link coloring ON on input line 6060.
Package hyperref Info: Link coloring with OCG OFF on input line 6067.
Package hyperref Info: PDF/A mode OFF on input line 6072.
 (/usr/local/texlive/2025basic/texmf-dist/tex/latex/base/atbegshi-ltx.sty
Package: atbegshi-ltx 2021/01/10 v1.0c Emulation of the original atbegshi
package with kernel methods
)
\Hy@abspage=\count280
\c@Item=\count281
\c@Hfootnote=\count282
)
Package hyperref Info: Driver (autodetected): hxetex.

(/usr/local/texlive/2025basic/texmf-dist/tex/latex/hyperref/hxetex.def
File: hxetex.def 2024-11-05 v7.01l Hyperref driver for XeTeX
\pdfm@box=\box54
\c@Hy@AnnotLevel=\count283
\HyField@AnnotCount=\count284
\Fld@listcount=\count285
\c@bookmark@seq@number=\count286

(/usr/local/texlive/2025basic/texmf-dist/tex/latex/rerunfilecheck/rerunfilechec
k.sty
Package: rerunfilecheck 2022-07-10 v1.10 Rerun checks for auxiliary files (HO)
 (/usr/local/texlive/2025basic/texmf-dist/tex/latex/base/atveryend-ltx.sty
Package: atveryend-ltx 2020/08/19 v1.0a Emulation of the original atveryend pac
kage
with kernel methods
)
(/usr/local/texlive/2025basic/texmf-dist/tex/generic/uniquecounter/uniquecounte
r.sty
Package: uniquecounter 2019/12/15 v1.4 Provide unlimited unique counter (HO)
)
Package uniquecounter Info: New unique counter `rerunfilecheck' on input line 2
85.
)
\Hy@SectionHShift=\skip51
)
(/usr/local/texlive/2025basic/texmf-dist/tex/latex/booktabs/booktabs.sty
Package: booktabs 2020/01/12 v1.61803398 Publication quality tables
\heavyrulewidth=\dimen157
\lightrulewidth=\dimen158
\cmidrulewidth=\dimen159
\belowrulesep=\dimen160
\belowbottomsep=\dimen161
\aboverulesep=\dimen162
\abovetopsep=\dimen163
\cmidrulesep=\dimen164
\cmidrulekern=\dimen165
\defaultaddspace=\dimen166
\@cmidla=\count287
\@cmidlb=\count288
\@aboverulesep=\dimen167
\@belowrulesep=\dimen168
\@thisruleclass=\count289
\@lastruleclass=\count290
\@thisrulewidth=\dimen169
)
(/usr/local/texlive/2025basic/texmf-dist/tex/latex/tools/longtable.sty
Package: longtable 2024-10-27 v4.22 Multi-page Table package (DPC)
\LTleft=\skip52
\LTright=\skip53
\LTpre=\skip54
\LTpost=\skip55
\LTchunksize=\count291
\LTcapwidth=\dimen170
\LT@head=\box55
\LT@firsthead=\box56
\LT@foot=\box57
\LT@lastfoot=\box58
\LT@gbox=\box59
\LT@cols=\count292
\LT@rows=\count293
\c@LT@tables=\count294
\c@LT@chunks=\count295
\LT@p@ftn=\toks23
)
(/usr/local/texlive/2025basic/texmf-dist/tex/latex/enumitem/enumitem.sty
Package: enumitem 2025/02/06 v3.11 Customized lists
\labelindent=\skip56
\enit@outerparindent=\dimen171
\enit@toks=\toks24
\enit@inbox=\box60
\enit@count@id=\count296
\enitdp@description=\count297
)
(/usr/local/texlive/2025basic/texmf-dist/tex/latex/listings/listings.sty
\lst@mode=\count298
\lst@gtempboxa=\box61
\lst@token=\toks25
\lst@length=\count299
\lst@currlwidth=\dimen172
\lst@column=\count300
\lst@pos=\count301
\lst@lostspace=\dimen173
\lst@width=\dimen174
\lst@newlines=\count302
\lst@lineno=\count303
\lst@maxwidth=\dimen175

(/usr/local/texlive/2025basic/texmf-dist/tex/latex/listings/lstpatch.sty
File: lstpatch.sty 2024/09/23 1.10c (Carsten Heinz)
)
(/usr/local/texlive/2025basic/texmf-dist/tex/latex/listings/lstmisc.sty
File: lstmisc.sty 2024/09/23 1.10c (Carsten Heinz)
\c@lstnumber=\count304
\lst@skipnumbers=\count305
\lst@framebox=\box62
)
(/usr/local/texlive/2025basic/texmf-dist/tex/latex/listings/listings.cfg
File: listings.cfg 2024/09/23 1.10c listings configuration
))
Package: listings 2024/09/23 1.10c (Carsten Heinz)

(/usr/local/texlive/2025basic/texmf-dist/tex/latex/xcolor/xcolor.sty
Package: xcolor 2024/09/29 v3.02 LaTeX color extensions (UK)

(/usr/local/texlive/2025basic/texmf-dist/tex/latex/graphics-cfg/color.cfg
File: color.cfg 2016/01/02 v1.6 sample color configuration
)
Package xcolor Info: Driver file: xetex.def on input line 274.

(/usr/local/texlive/2025basic/texmf-dist/tex/latex/graphics/mathcolor.ltx)
Package xcolor Info: Model `cmy' substituted by `cmy0' on input line 1349.
Package xcolor Info: Model `RGB' extended on input line 1365.
Package xcolor Info: Model `HTML' substituted by `rgb' on input line 1367.
Package xcolor Info: Model `Hsb' substituted by `hsb' on input line 1368.
Package xcolor Info: Model `tHsb' substituted by `hsb' on input line 1369.
Package xcolor Info: Model `HSB' substituted by `hsb' on input line 1370.
Package xcolor Info: Model `Gray' substituted by `gray' on input line 1371.
Package xcolor Info: Model `wave' substituted by `hsb' on input line 1372.
)
(/usr/local/texlive/2025basic/texmf-dist/tex/latex/fontspec/fontspec.sty
(/usr/local/texlive/2025basic/texmf-dist/tex/latex/l3packages/xparse/xparse.sty
(/usr/local/texlive/2025basic/texmf-dist/tex/latex/l3kernel/expl3.sty
Package: expl3 2025-01-18 L3 programming layer (loader) 

(/usr/local/texlive/2025basic/texmf-dist/tex/latex/l3backend/l3backend-xetex.de
f
File: l3backend-xetex.def 2024-05-08 L3 backend support: XeTeX
\g__graphics_track_int=\count306
\l__pdf_internal_box=\box63
\g__pdf_backend_annotation_int=\count307
\g__pdf_backend_link_int=\count308
))
Package: xparse 2024-08-16 L3 Experimental document command parser
)
Package: fontspec 2024/05/11 v2.9e Font selection for XeLaTeX and LuaLaTeX

(/usr/local/texlive/2025basic/texmf-dist/tex/latex/fontspec/fontspec-xetex.sty
Package: fontspec-xetex 2024/05/11 v2.9e Font selection for XeLaTeX and LuaLaTe
X
\l__fontspec_script_int=\count309
\l__fontspec_language_int=\count310
\l__fontspec_strnum_int=\count311
\l__fontspec_tmp_int=\count312
\l__fontspec_tmpa_int=\count313
\l__fontspec_tmpb_int=\count314
\l__fontspec_tmpc_int=\count315
\l__fontspec_em_int=\count316
\l__fontspec_emdef_int=\count317
\l__fontspec_strong_int=\count318
\l__fontspec_strongdef_int=\count319
\l__fontspec_tmpa_dim=\dimen176
\l__fontspec_tmpb_dim=\dimen177
\l__fontspec_tmpc_dim=\dimen178

(/usr/local/texlive/2025basic/texmf-dist/tex/latex/base/fontenc.sty
Package: fontenc 2021/04/29 v2.0v Standard LaTeX package
)
(/usr/local/texlive/2025basic/texmf-dist/tex/latex/fontspec/fontspec.cfg)))
(./ooad_report.aux)
\openout1 = `ooad_report.aux'.

LaTeX Font Info:    Checking defaults for OML/cmm/m/it on input line 38.
LaTeX Font Info:    ... okay on input line 38.
LaTeX Font Info:    Checking defaults for OMS/cmsy/m/n on input line 38.
LaTeX Font Info:    ... okay on input line 38.
LaTeX Font Info:    Checking defaults for OT1/cmr/m/n on input line 38.
LaTeX Font Info:    ... okay on input line 38.
LaTeX Font Info:    Checking defaults for T1/cmr/m/n on input line 38.
LaTeX Font Info:    ... okay on input line 38.
LaTeX Font Info:    Checking defaults for TS1/cmr/m/n on input line 38.
LaTeX Font Info:    ... okay on input line 38.
LaTeX Font Info:    Checking defaults for TU/lmr/m/n on input line 38.
LaTeX Font Info:    ... okay on input line 38.
LaTeX Font Info:    Checking defaults for OMX/cmex/m/n on input line 38.
LaTeX Font Info:    ... okay on input line 38.
LaTeX Font Info:    Checking defaults for U/cmr/m/n on input line 38.
LaTeX Font Info:    ... okay on input line 38.
LaTeX Font Info:    Checking defaults for PD1/pdf/m/n on input line 38.
LaTeX Font Info:    ... okay on input line 38.
LaTeX Font Info:    Checking defaults for PU/pdf/m/n on input line 38.
LaTeX Font Info:    ... okay on input line 38.

*geometry* driver: auto-detecting
*geometry* detected driver: xetex
*geometry* verbose mode - [ preamble ] result:
* driver: xetex
* paper: a4paper
* layout: <same size as paper>
* layoutoffset:(h,v)=(0.0pt,0.0pt)
* modes: 
* h-part:(L,W,R)=(85.35826pt, 455.24411pt, 56.9055pt)
* v-part:(T,H,B)=(56.9055pt, 731.23584pt, 56.9055pt)
* \paperwidth=597.50787pt
* \paperheight=845.04684pt
* \textwidth=455.24411pt
* \textheight=731.23584pt
* \oddsidemargin=13.08827pt
* \evensidemargin=13.08827pt
* \topmargin=-52.36449pt
* \headheight=12.0pt
* \headsep=25.0pt
* \topskip=12.0pt
* \footskip=30.0pt
* \marginparwidth=35.0pt
* \marginparsep=10.0pt
* \columnsep=10.0pt
* \skip\footins=10.8pt plus 4.0pt minus 2.0pt
* \hoffset=0.0pt
* \voffset=0.0pt
* \mag=1000
* \@twocolumnfalse
* \@twosidefalse
* \@mparswitchfalse
* \@reversemarginfalse
* (1in=72.27pt=25.4mm, 1cm=28.453pt)

Package hyperref Info: Link coloring ON on input line 38.
(./ooad_report.out) (./ooad_report.out)
\@outlinefile=\write3
\openout3 = `ooad_report.out'.

\c@lstlisting=\count320

Package fontspec Info: 
(fontspec)             Adjusting the maths setup (use [no-math] to avoid
(fontspec)             this).

\symlegacymaths=\mathgroup4
LaTeX Font Info:    Overwriting symbol font `legacymaths' in version `bold'
(Font)                  OT1/cmr/m/n --> OT1/cmr/bx/n on input line 38.
LaTeX Font Info:    Redeclaring math accent \acute on input line 38.
LaTeX Font Info:    Redeclaring math accent \grave on input line 38.
LaTeX Font Info:    Redeclaring math accent \ddot on input line 38.
LaTeX Font Info:    Redeclaring math accent \tilde on input line 38.
LaTeX Font Info:    Redeclaring math accent \bar on input line 38.
LaTeX Font Info:    Redeclaring math accent \breve on input line 38.
LaTeX Font Info:    Redeclaring math accent \check on input line 38.
LaTeX Font Info:    Redeclaring math accent \hat on input line 38.
LaTeX Font Info:    Redeclaring math accent \dot on input line 38.
LaTeX Font Info:    Redeclaring math accent \mathring on input line 38.
LaTeX Font Info:    Redeclaring math symbol \colon on input line 38.
LaTeX Font Info:    Redeclaring math symbol \Gamma on input line 38.
LaTeX Font Info:    Redeclaring math symbol \Delta on input line 38.
LaTeX Font Info:    Redeclaring math symbol \Theta on input line 38.
LaTeX Font Info:    Redeclaring math symbol \Lambda on input line 38.
LaTeX Font Info:    Redeclaring math symbol \Xi on input line 38.
LaTeX Font Info:    Redeclaring math symbol \Pi on input line 38.
LaTeX Font Info:    Redeclaring math symbol \Sigma on input line 38.
LaTeX Font Info:    Redeclaring math symbol \Upsilon on input line 38.
LaTeX Font Info:    Redeclaring math symbol \Phi on input line 38.
LaTeX Font Info:    Redeclaring math symbol \Psi on input line 38.
LaTeX Font Info:    Redeclaring math symbol \Omega on input line 38.
LaTeX Font Info:    Redeclaring math symbol \mathdollar on input line 38.
LaTeX Font Info:    Redeclaring symbol font `operators' on input line 38.
LaTeX Font Info:    Encoding `OT1' has changed to `TU' for symbol font
(Font)              `operators' in the math version `normal' on input line 38.
LaTeX Font Info:    Overwriting symbol font `operators' in version `normal'
(Font)                  OT1/cmr/m/n --> TU/lmr/m/n on input line 38.
LaTeX Font Info:    Encoding `OT1' has changed to `TU' for symbol font
(Font)              `operators' in the math version `bold' on input line 38.
LaTeX Font Info:    Overwriting symbol font `operators' in version `bold'
(Font)                  OT1/cmr/bx/n --> TU/lmr/m/n on input line 38.
LaTeX Font Info:    Overwriting symbol font `operators' in version `normal'
(Font)                  TU/lmr/m/n --> TU/lmr/m/n on input line 38.
LaTeX Font Info:    Overwriting math alphabet `\mathit' in version `normal'
(Font)                  OT1/cmr/m/it --> TU/lmr/m/it on input line 38.
LaTeX Font Info:    Overwriting math alphabet `\mathbf' in version `normal'
(Font)                  OT1/cmr/bx/n --> TU/lmr/b/n on input line 38.
LaTeX Font Info:    Overwriting math alphabet `\mathsf' in version `normal'
(Font)                  OT1/cmss/m/n --> TU/lmss/m/n on input line 38.
LaTeX Font Info:    Overwriting math alphabet `\mathtt' in version `normal'
(Font)                  OT1/cmtt/m/n --> TU/lmtt/m/n on input line 38.
LaTeX Font Info:    Overwriting symbol font `operators' in version `bold'
(Font)                  TU/lmr/m/n --> TU/lmr/b/n on input line 38.
LaTeX Font Info:    Overwriting math alphabet `\mathit' in version `bold'
(Font)                  OT1/cmr/bx/it --> TU/lmr/b/it on input line 38.
LaTeX Font Info:    Overwriting math alphabet `\mathsf' in version `bold'
(Font)                  OT1/cmss/bx/n --> TU/lmss/b/n on input line 38.
LaTeX Font Info:    Overwriting math alphabet `\mathtt' in version `bold'
(Font)                  OT1/cmtt/m/n --> TU/lmtt/b/n on input line 38.
LaTeX Font Info:    External font `cmex10' loaded for size
(Font)              <14.4> on input line 41.
LaTeX Font Info:    External font `cmex10' loaded for size
(Font)              <7> on input line 41.


[1

] (./ooad_report.toc
LaTeX Font Info:    External font `cmex10' loaded for size
(Font)              <12> on input line 3.
LaTeX Font Info:    External font `cmex10' loaded for size
(Font)              <8> on input line 3.
LaTeX Font Info:    External font `cmex10' loaded for size
(Font)              <6> on input line 3.

Missing character: There is no ↔ (U+2194) in font [lmroman12-regular]:mapping=t
ex-text;!
)
\tf@toc=\write4
\openout4 = `ooad_report.toc'.



[1

]
Chương 1.


[2

]
! Misplaced alignment tab character &.
l.106 ...ức năng con: chọn câu hỏi SRS, hiển thị &
                                                   đếm giờ, kiểm tra đáp án,...
I can't figure out why you would want to use a tab mark
here. If you just want an ampersand, the remedy is
simple: Just type `I\&' now. But if some right brace
up above has ended a previous alignment prematurely,
you're probably due for more error messages, and you
might try typing `S' now just to see what is salvageable.

Package hyperref Info: bookmark level for unknown lstlisting defaults to 0 on i
nput line 161.
(./diagrams/structured_fdd.mmd)

[3]

[4]
Overfull \vbox (103.52414pt too high) has occurred while \output is active []



[5] (./diagrams/ooad_usecase.puml)

[6]

[7]
Overfull \vbox (677.8773pt too high) has occurred while \output is active []



[8]

[9]

[10]
LaTeX Font Info:    Font shape `TU/lmtt/bx/n' in size <12> not available
(Font)              Font shape `TU/lmtt/b/n' tried instead on input line 323.
 (./diagrams/ooad_activity_uc01.puml)

[11]
Overfull \vbox (739.52414pt too high) has occurred while \output is active []



[12]
Overfull \hbox (9.5598pt too wide) in paragraph at lines 395--396
[]\TU/lmr/m/n/12 Gọi QuestionAlgorithmManager.processAnswer(questionId, isCorre
ct=true,
 []


Overfull \hbox (11.2518pt too wide) in paragraph at lines 407--408
[]\TU/lmr/m/n/12 Gọi QuestionAlgorithmManager.processAnswer(questionId, isCorre
ct=false,
 []



[13] (./diagrams/ooad_activity_uc14.puml)

[14]
Overfull \vbox (427.52414pt too high) has occurred while \output is active []



[15]
Missing character: There is no ↔ (U+2194) in font [lmroman12-regular]:mapping=t
ex-text;!


[16]
Overfull \hbox (16.00386pt too wide) in paragraph at lines 557--558
[]\TU/lmr/m/n/12 QRCodeViewModel kiểm tra trùng lặp (AppDao.getQRCodeByValue(co
deValue)) 
 []

! Extra \endcsname.
\language@active@arg" ...@"@\string #1@\endcsname 
                                                  \fi 
l.588 ...y đã được lưu với tên \"[existingName]\""
                                                  
I'm ignoring this, since I wasn't doing a \csname.

! Extra \fi.
\language@active@arg" ...string #1@\endcsname \fi 
                                                  
l.588 ...y đã được lưu với tên \"[existingName]\""
                                                  
I'm ignoring this; it doesn't match any \if.



[17]
Overfull \hbox (39.68391pt too wide) in paragraph at lines 655--656
[]\TU/lmr/bx/n/12 Wake-up Score: \TU/lmr/m/n/12 Lấy 5 lần \TU/lmtt/m/n/12 alarm
_history \TU/lmr/m/n/12 gần nhất, tính điểm: \TU/lmtt/m/n/12 100 - (snoozeCount
*10)
 []



[18]

[19]
Chương 2.

Overfull \hbox (67.05592pt too wide) in paragraph at lines 692--693
[]\TU/lmr/bx/n/12 AlarmSettingsScreen → AlarmSettingsViewModel: \TU/lmr/m/n/12 
Gọi \TU/lmtt/m/n/12 updateHour()\TU/lmr/m/n/12 , \TU/lmtt/m/n/12 updateMinute()
\TU/lmr/m/n/12 ,
 []


Overfull \hbox (13.2239pt too wide) in paragraph at lines 695--696
[]\TU/lmr/bx/n/12 AlarmSettingsViewModel → AppDao: \TU/lmr/m/n/12 Gọi \TU/lmtt/
m/n/12 insertAlarm(alarmEntity) \TU/lmr/m/n/12 (Corou-
 []


Overfull \hbox (66.7519pt too wide) in paragraph at lines 698--699
[]\TU/lmr/bx/n/12 AlarmSettingsViewModel → AppDao: \TU/lmr/m/n/12 Gọi \TU/lmtt/
m/n/12 clearSelectedQuestionsForAlarm(alarmId)\TU/lmr/m/n/12 ,
 []


Overfull \hbox (12.5479pt too wide) in paragraph at lines 699--700
[]\TU/lmr/bx/n/12 AlarmSettingsViewModel → AppDao: \TU/lmr/m/n/12 Loop: \TU/lmt
t/m/n/12 insertAlarmTopicLink(alarmId,
 []


Overfull \hbox (24.9079pt too wide) in paragraph at lines 700--701
[]\TU/lmr/bx/n/12 AlarmSettingsViewModel → AppDao: \TU/lmr/m/n/12 Loop: \TU/lmt
t/m/n/12 insertSelectedQuestion(alarmId,
 []


Overfull \hbox (67.1119pt too wide) in paragraph at lines 703--704
[]\TU/lmr/bx/n/12 AlarmScheduler → Android AlarmManager: \TU/lmr/m/n/12 Gọi \TU
/lmtt/m/n/12 setAlarmClock(time, pendingIntent)
 []



[20

] (./diagrams/ooad_sequence_uc01.puml)

[21]
Overfull \vbox (943.52414pt too high) has occurred while \output is active []



[22]
Overfull \hbox (8.3519pt too wide) in paragraph at lines 725--726
[]\TU/lmr/bx/n/12 Android AlarmManager → AlarmReceiver: \TU/lmr/m/n/12 Gửi broa
dcast \TU/lmtt/m/n/12 onReceive(intent)
 []


Overfull \hbox (26.62389pt too wide) in paragraph at lines 726--727
[]\TU/lmr/bx/n/12 AlarmReceiver → AppDao: \TU/lmr/m/n/12 Gọi \TU/lmtt/m/n/12 ge
tAlarmById(alarmId) \TU/lmr/m/n/12 (Coroutine với \TU/lmtt/m/n/12 goAsync()\TU/
lmr/m/n/12 ) 
 []


Overfull \hbox (75.94392pt too wide) in paragraph at lines 735--736
[]\TU/lmr/bx/n/12 AlarmService: \TU/lmr/m/n/12 Khởi động, gọi \TU/lmtt/m/n/12 c
reateNotificationChannel()\TU/lmr/m/n/12 , \TU/lmtt/m/n/12 playAlarmSound(ringt
oneUri)
 []


Overfull \hbox (9.7759pt too wide) in paragraph at lines 747--748
[]\TU/lmr/bx/n/12 QuizViewModel → AppDao: \TU/lmr/m/n/12 Gọi \TU/lmtt/m/n/12 ge
tAlarmById(alarmId) \TU/lmr/m/n/12 để lấy \TU/lmtt/m/n/12 questionCount 
 []


Overfull \hbox (5.2479pt too wide) in paragraph at lines 748--749
[]\TU/lmr/bx/n/12 QuizViewModel → AppDao: \TU/lmr/m/n/12 Gọi \TU/lmtt/m/n/12 in
sertAlarmHistory(alarmHistory) \TU/lmr/m/n/12 → nhận
 []


Overfull \hbox (85.1479pt too wide) in paragraph at lines 749--750
[]\TU/lmr/bx/n/12 QuizViewModel → QuestionAlgorithmManager: \TU/lmr/m/n/12 Gọi 
\TU/lmtt/m/n/12 generateMissionQuestions(alarmId,
 []


Overfull \hbox (92.1079pt too wide) in paragraph at lines 750--751
[]\TU/lmr/bx/n/12 QuestionAlgorithmManager → AppDao: \TU/lmr/m/n/12 Gọi \TU/lmt
t/m/n/12 getSelectedQuestionsForAlarmOnce(alarmId)\TU/lmr/m/n/12 ,
 []


Overfull \hbox (31.7679pt too wide) in paragraph at lines 750--751
\TU/lmtt/m/n/12 getQuestionsFromLinkedTopics(alarmId)\TU/lmr/m/n/12 , \TU/lmtt/
m/n/12 getProgressForQuestions(questionIds) 
 []


Overfull \hbox (24.28789pt too wide) in paragraph at lines 752--753
[]\TU/lmr/bx/n/12 QuestionAlgorithmManager → QuizViewModel: \TU/lmr/m/n/12 Trả 
về \TU/lmtt/m/n/12 List<MissionQuestion> 
 []


Overfull \hbox (35.7079pt too wide) in paragraph at lines 763--764
[]\TU/lmr/bx/n/12 QuizViewModel → QuestionAlgorithmManager: \TU/lmr/m/n/12 Gọi 
\TU/lmtt/m/n/12 processAnswer(questionId,
 []


Overfull \hbox (11.76788pt too wide) in paragraph at lines 764--765
[]\TU/lmr/bx/n/12 QuestionAlgorithmManager → AppDao: \TU/lmr/m/n/12 Gọi \TU/lmt
t/m/n/12 insertHistory(historyEntity)\TU/lmr/m/n/12 ,
 []


Overfull \hbox (50.55986pt too wide) in paragraph at lines 767--768
[]\TU/lmr/m/n/12 Nếu đúng: \TU/lmtt/m/n/12 correctStreak++\TU/lmr/m/n/12 , \TU/
lmtt/m/n/12 easinessFactor += 0.1\TU/lmr/m/n/12 , \TU/lmtt/m/n/12 interval *= e
asinessFactor 
 []


Overfull \hbox (36.48788pt too wide) in paragraph at lines 770--771
[]\TU/lmr/bx/n/12 QuestionAlgorithmManager → AppDao: \TU/lmr/m/n/12 Gọi \TU/lmt
t/m/n/12 updateQuestionProgress(progress)\TU/lmr/m/n/12 ,
 []



[23]
Overfull \hbox (18.43987pt too wide) in paragraph at lines 779--780
[]\TU/lmr/bx/n/12 QuizViewModel → AppDao: \TU/lmr/m/n/12 Gọi \TU/lmtt/m/n/12 up
dateAlarmHistory(dismissalTime = NOW(),
 []

(./diagrams/ooad_sequence_uc13_uc14.puml)

[24]
Overfull \vbox (1795.52414pt too high) has occurred while \output is active []



[25]
Overfull \hbox (3.00786pt too wide) in paragraph at lines 805--806
[]\TU/lmr/bx/n/12 AlarmViewModel: \TU/lmr/m/n/12 Tạo \TU/lmtt/m/n/12 updatedAla
rm = alarm.copy(isEnabled = isEnabled) 
 []


Overfull \hbox (0.81186pt too wide) in paragraph at lines 812--813
[]\TU/lmr/bx/n/12 AlarmScheduler → Android AlarmManager: \TU/lmr/m/n/12 Gọi \TU
/lmtt/m/n/12 setAlarmClock(time,
 []


Overfull \hbox (13.17186pt too wide) in paragraph at lines 820--821
[]\TU/lmr/bx/n/12 AlarmScheduler → Android AlarmManager: \TU/lmr/m/n/12 Gọi \TU
/lmtt/m/n/12 cancel(pendingIntent) 
 []

(./diagrams/ooad_sequence_uc04.puml)

[26]
Overfull \vbox (296.06413pt too high) has occurred while \output is active []



[27]
Missing character: There is no ↔ (U+2194) in font [lmroman12-regular]:mapping=t
ex-text;!
Missing character: There is no ↔ (U+2194) in font [lmroman12-regular]:mapping=t
ex-text;!
Missing character: There is no ↔ (U+2194) in font [lmroman12-regular]:mapping=t
ex-text;!
Missing character: There is no ↔ (U+2194) in font [lmroman12-regular]:mapping=t
ex-text;!
Missing character: There is no ↔ (U+2194) in font [lmroman12-regular]:mapping=t
ex-text;!
Missing character: There is no ↔ (U+2194) in font [lmroman12-regular]:mapping=t
ex-text;!
Missing character: There is no ↔ (U+2194) in font [lmroman12-regular]:mapping=t
ex-text;!
Missing character: There is no ↔ (U+2194) in font [lmroman12-regular]:mapping=t
ex-text;!
Missing character: There is no ↔ (U+2194) in font [lmroman12-regular]:mapping=t
ex-text;!
Missing character: There is no ↔ (U+2194) in font [lmroman12-regular]:mapping=t
ex-text;!


[28]
Overfull \hbox (3.56242pt too wide) in paragraph at lines 893--894
[]\TU/lmr/bx/n/12 NOT NULL: \TU/lmr/m/n/12 Các trường quan trọng (topicName, pr
ompt, codeValue, hour, minute) 
 []

(./diagrams/structured_erd.mmd)

[29]
Overfull \vbox (751.52414pt too high) has occurred while \output is active []



[30]
Missing character: There is no ↔ (U+2194) in font [lmroman12-bold]:mapping=tex-
text;!

Overfull \hbox (38.29594pt too wide) in paragraph at lines 908--909
\TU/lmr/bx/n/12 Entity Class → Table: \TU/lmr/m/n/12 Mapping 1:1 trực tiếp, mỗi
 data class có annotation \TU/lmtt/m/n/12 @Entity(tableName
 []

Missing character: There is no ↔ (U+2194) in font [lmroman12-regular]:mapping=t
ex-text;!
Missing character: There is no ↔ (U+2194) in font [lmroman12-regular]:mapping=t
ex-text;!
Missing character: There is no ↔ (U+2194) in font [lmroman12-regular]:mapping=t
ex-text;!
Missing character: There is no ↔ (U+2194) in font [lmroman12-regular]:mapping=t
ex-text;!
Missing character: There is no ↔ (U+2194) in font [lmroman12-regular]:mapping=t
ex-text;!
Missing character: There is no ↔ (U+2194) in font [lmroman12-bold]:mapping=tex-
text;!

Overfull \hbox (40.66791pt too wide) in paragraph at lines 936--937
[]\TU/lmr/bx/n/12 Set<String> ↔ String: \TU/lmtt/m/n/12 daysOfWeek \TU/lmr/m/n/
12 lưu dạng ”T2,T3,T4”. Converter: \TU/lmtt/m/n/12 joinToString(",")
 []

Missing character: There is no ↔ (U+2194) in font [lmroman12-bold]:mapping=tex-
text;!
Missing character: There is no ↔ (U+2194) in font [lmroman12-bold]:mapping=tex-
text;!

Overfull \hbox (13.01193pt too wide) in paragraph at lines 938--939
[]\TU/lmr/bx/n/12 Date ↔ Long: \TU/lmr/m/n/12 Các trường thời gian (\TU/lmtt/m/
n/12 answeredAt\TU/lmr/m/n/12 , \TU/lmtt/m/n/12 nextReviewDate\TU/lmr/m/n/12 , 
\TU/lmtt/m/n/12 scheduledTime\TU/lmr/m/n/12 ...)
 []

Missing character: There is no ↔ (U+2194) in font [lmroman12-bold]:mapping=tex-
text;!


[31] (./diagrams/ooad_design_class.puml)

[32]
Overfull \vbox (2059.52414pt too high) has occurred while \output is active []



[33]
Overfull \hbox (1.34392pt too wide) in paragraph at lines 986--987
[]\TU/lmr/bx/n/12 ViewModel Layer: \TU/lmr/m/n/12 AlarmViewModel, AlarmSettings
ViewModel, QuizViewModel,
 []

Missing character: There is no ↔ (U+2194) in font [lmroman12-regular]:mapping=t
ex-text;!


[34]
Overfull \hbox (67.02794pt too wide) in paragraph at lines 1007--1008
[]\TU/lmr/bx/n/12 Giả định 1: \TU/lmr/m/n/12 Người dùng luôn cấp quyền \TU/lmtt
/m/n/12 CAMERA\TU/lmr/m/n/12 , \TU/lmtt/m/n/12 POST_NOTIFICATIONS\TU/lmr/m/n/12
 , \TU/lmtt/m/n/12 SCHEDULE_EXACT_ALARM\TU/lmr/m/n/12 .
 []



[35

] (./ooad_report.aux)
 ***********
LaTeX2e <2024-11-01> patch level 2
L3 programming layer <2025-01-18>
 ***********
Package rerunfilecheck Info: File `ooad_report.out' has not changed.
(rerunfilecheck)             Checksum: C3D6CA0BD52974DE04EFEE88BEF5B302;4584.
 ) 
Here is how much of TeX's memory you used:
 14507 strings out of 475366
 280959 string characters out of 5762338
 1629633 words of memory out of 5000000
 37293 multiletter control sequences out of 15000+600000
 562982 words of font info for 66 fonts, out of 8000000 for 9000
 319 hyphenation exceptions out of 8191
 79i,6n,93p,393b,1168s stack positions out of 10000i,1000n,20000p,200000b,200000s

Output written on ooad_report.pdf (36 pages).
