\BOOKMARK [0][-]{chapter.1}{\376\377\000P\000h\000\342\000n\000\040\000t\000\355\000c\000h\000\040\000h\036\307\000\040\000t\000h\036\321\000n\000g}{}% 1
\BOOKMARK [1][-]{section.1.1}{\376\377\000P\000h\001\260\001\241\000n\000g\000\040\000p\000h\000\341\000p\000\040\000c\000\363\000\040\000c\036\245\000u\000\040\000t\000r\000\372\000c}{chapter.1}% 2
\BOOKMARK [2][-]{subsection.1.1.1}{\376\377\000B\000i\036\303\000u\000\040\001\021\036\323\000\040\000p\000h\000\342\000n\000\040\000c\036\245\000p\000\040\000c\000h\036\351\000c\000\040\000n\001\003\000n\000g}{section.1.1}% 3
\BOOKMARK [2][-]{subsection.1.1.2}{\376\377\000B\000i\036\303\000u\000\040\001\021\036\323\000\040\000l\000u\036\323\000n\000g\000\040\000d\036\357\000\040\000l\000i\036\307\000u}{section.1.1}% 4
\BOOKMARK [2][-]{subsection.1.1.3}{\376\377\001\020\036\267\000c\000\040\000t\036\243\000\040\000c\000h\036\351\000c\000\040\000n\001\003\000n\000g}{section.1.1}% 5
\BOOKMARK [2][-]{subsection.1.1.4}{\376\377\000P\000h\000\342\000n\000\040\000t\000\355\000c\000h\000\040\000h\036\307\000\040\000t\000h\036\321\000n\000g\000\040\000v\036\301\000\040\000m\036\267\000t\000\040\000d\036\357\000\040\000l\000i\036\307\000u}{section.1.1}% 6
\BOOKMARK [0][-]{chapter.2}{\376\377\000T\000h\000i\036\277\000t\000\040\000k\036\277}{}% 7
\BOOKMARK [1][-]{section.2.1}{\376\377\000T\000h\000i\036\277\000t\000\040\000k\036\277\000\040\000t\036\325\000n\000g\000\040\000t\000h\036\303}{chapter.2}% 8
\BOOKMARK [2][-]{subsection.2.1.1}{\376\377\000K\000i\036\277\000n\000\040\000t\000r\000\372\000c\000\040\036\351\000n\000g\000\040\000d\036\345\000n\000g}{section.2.1}% 9
\BOOKMARK [2][-]{subsection.2.1.2}{\376\377\000C\000\341\000c\000\040\000m\000o\000d\000u\000l\000e\000\040\000c\000h\000\355\000n\000h}{section.2.1}% 10
\BOOKMARK [2][-]{subsection.2.1.3}{\376\377\000L\000u\036\323\000n\000g\000\040\000x\036\355\000\040\000l\000\375\000\040\000t\036\325\000n\000g\000\040\000q\000u\000\341\000t}{section.2.1}% 11
\BOOKMARK [1][-]{section.2.2}{\376\377\000G\000i\000a\000o\000\040\000d\000i\036\307\000n}{chapter.2}% 12
\BOOKMARK [2][-]{subsection.2.2.1}{\376\377\000N\000h\000\363\000m\000\040\000m\000\340\000n\000\040\000h\000\354\000n\000h\000\040\000v\000\340\000\040\000c\000h\036\351\000c\000\040\000n\001\003\000n\000g}{section.2.2}% 13
\BOOKMARK [2][-]{subsection.2.2.2}{\376\377\001\020\000i\036\301\000u\000\040\000h\001\260\036\333\000n\000g\000\040\000\050\000N\000a\000v\000i\000g\000a\000t\000i\000o\000n\000\051}{section.2.2}% 14
\BOOKMARK [2][-]{subsection.2.2.3}{\376\377\000T\000r\036\241\000n\000g\000\040\000t\000h\000\341\000i\000\040\000\050\000S\000t\000a\000t\000e\000\040\000M\000a\000n\000a\000g\000e\000m\000e\000n\000t\000\051}{section.2.2}% 15
\BOOKMARK [2][-]{subsection.2.2.4}{\376\377\000V\000a\000l\000i\000d\000a\000t\000i\000o\000n}{section.2.2}% 16
\BOOKMARK [1][-]{section.2.3}{\376\377\000D\000a\000t\000a\000b\000a\000s\000e}{chapter.2}% 17
\BOOKMARK [2][-]{subsection.2.3.1}{\376\377\000T\000h\000i\036\277\000t\000\040\000k\036\277\000\040\000b\036\243\000n\000g\000\040\000v\000\340\000\040\000q\000u\000a\000n\000\040\000h\036\307}{section.2.3}% 18
\BOOKMARK [2][-]{subsection.2.3.2}{\376\377\000R\000\340\000n\000g\000\040\000b\000u\036\331\000c\000\040\000t\000o\000\340\000n\000\040\000v\036\271\000n}{section.2.3}% 19
\BOOKMARK [2][-]{subsection.2.3.3}{\376\377\000M\000a\000p\000p\000i\000n\000g\000\040\000t\036\353\000\040\000E\000n\000t\000i\000t\000y\000/\000R\000o\000o\000m}{section.2.3}% 20
\BOOKMARK [0][-]{chapter*.17}{\376\377\000G\000i\036\243\000\040\001\021\036\313\000n\000h\000/\000T\000B\000D}{}% 21
